<?xml version="1.0" encoding="UTF-8"?>
<testsuite xmlns:xsi="http://www.w3.org/2001/XMLSchema-instance" xsi:noNamespaceSchemaLocation="https://maven.apache.org/surefire/maven-surefire-plugin/xsd/surefire-test-report-3.0.xsd" version="3.0" name="com.joske.event_driven.handlers.EventHandlerTest" time="0.044" tests="1" errors="0" skipped="0" failures="0">
  <properties>
    <property name="gopherProxySet" value="false"/>
    <property name="awt.toolkit" value="sun.lwawt.macosx.LWCToolkit"/>
    <property name="java.specification.version" value="11"/>
    <property name="sun.cpu.isalist" value=""/>
    <property name="sun.jnu.encoding" value="UTF-8"/>
    <property name="java.class.path" value="/Users/oleksiidzhus/edu-workspace/sample-project-with-labdas/target/test-classes:/Users/oleksiidzhus/edu-workspace/sample-project-with-labdas/target/classes:/Users/oleksiidzhus/.m2/repository/com/amazonaws/aws-lambda-java-core/1.2.1/aws-lambda-java-core-1.2.1.jar:/Users/oleksiidzhus/.m2/repository/com/amazonaws/aws-lambda-java-events/3.7.0/aws-lambda-java-events-3.7.0.jar:/Users/oleksiidzhus/.m2/repository/joda-time/joda-time/2.6/joda-time-2.6.jar:/Users/oleksiidzhus/.m2/repository/com/googlecode/json-simple/json-simple/1.1.1/json-simple-1.1.1.jar:/Users/oleksiidzhus/.m2/repository/junit/junit/4.10/junit-4.10.jar:/Users/oleksiidzhus/.m2/repository/org/hamcrest/hamcrest-core/1.1/hamcrest-core-1.1.jar:/Users/oleksiidzhus/.m2/repository/org/apache/httpcomponents/httpclient/4.5.13/httpclient-4.5.13.jar:/Users/oleksiidzhus/.m2/repository/org/apache/httpcomponents/httpcore/4.4.13/httpcore-4.4.13.jar:/Users/oleksiidzhus/.m2/repository/commons-logging/commons-logging/1.2/commons-logging-1.2.jar:/Users/oleksiidzhus/.m2/repository/commons-codec/commons-codec/1.11/commons-codec-1.11.jar:/Users/oleksiidzhus/.m2/repository/com/amazonaws/aws-java-sdk-ses/1.12.1/aws-java-sdk-ses-1.12.1.jar:/Users/oleksiidzhus/.m2/repository/com/amazonaws/aws-java-sdk-core/1.12.1/aws-java-sdk-core-1.12.1.jar:/Users/oleksiidzhus/.m2/repository/software/amazon/ion/ion-java/1.0.2/ion-java-1.0.2.jar:/Users/oleksiidzhus/.m2/repository/com/fasterxml/jackson/core/jackson-databind/2.12.3/jackson-databind-2.12.3.jar:/Users/oleksiidzhus/.m2/repository/com/fasterxml/jackson/core/jackson-annotations/2.12.3/jackson-annotations-2.12.3.jar:/Users/oleksiidzhus/.m2/repository/com/fasterxml/jackson/core/jackson-core/2.12.3/jackson-core-2.12.3.jar:/Users/oleksiidzhus/.m2/repository/com/fasterxml/jackson/dataformat/jackson-dataformat-cbor/2.12.3/jackson-dataformat-cbor-2.12.3.jar:/Users/oleksiidzhus/.m2/repository/com/amazonaws/jmespath-java/1.12.1/jmespath-java-1.12.1.jar:/Users/oleksiidzhus/.m2/repository/com/amazonaws/aws-lambda-java-tests/1.0.0/aws-lambda-java-tests-1.0.0.jar:/Users/oleksiidzhus/.m2/repository/com/amazonaws/aws-lambda-java-serialization/1.0.0/aws-lambda-java-serialization-1.0.0.jar:/Users/oleksiidzhus/.m2/repository/org/junit/jupiter/junit-jupiter-api/5.7.2/junit-jupiter-api-5.7.2.jar:/Users/oleksiidzhus/.m2/repository/org/apiguardian/apiguardian-api/1.1.0/apiguardian-api-1.1.0.jar:/Users/oleksiidzhus/.m2/repository/org/opentest4j/opentest4j/1.2.0/opentest4j-1.2.0.jar:/Users/oleksiidzhus/.m2/repository/org/junit/platform/junit-platform-commons/1.7.2/junit-platform-commons-1.7.2.jar:/Users/oleksiidzhus/.m2/repository/org/junit/jupiter/junit-jupiter-engine/5.7.2/junit-jupiter-engine-5.7.2.jar:/Users/oleksiidzhus/.m2/repository/org/junit/platform/junit-platform-engine/1.7.2/junit-platform-engine-1.7.2.jar:/Users/oleksiidzhus/.m2/repository/org/junit/jupiter/junit-jupiter-params/5.7.2/junit-jupiter-params-5.7.2.jar:/Users/oleksiidzhus/.m2/repository/org/apache/commons/commons-lang3/3.11/commons-lang3-3.11.jar:/Users/oleksiidzhus/.m2/repository/com/google/dagger/dagger/2.38/dagger-2.38.jar:/Users/oleksiidzhus/.m2/repository/javax/inject/javax.inject/1/javax.inject-1.jar:/Users/oleksiidzhus/.m2/repository/org/junit/jupiter/junit-jupiter/5.7.2/junit-jupiter-5.7.2.jar:"/>
    <property name="java.vm.vendor" value="Amazon.com Inc."/>
    <property name="sun.arch.data.model" value="64"/>
    <property name="java.vendor.url" value="https://aws.amazon.com/corretto/"/>
    <property name="user.timezone" value=""/>
    <property name="java.vm.specification.version" value="11"/>
    <property name="os.name" value="Mac OS X"/>
    <property name="sun.java.launcher" value="SUN_STANDARD"/>
    <property name="user.country" value="US"/>
    <property name="sun.boot.library.path" value="/Users/oleksiidzhus/Library/Java/JavaVirtualMachines/corretto-11.0.11/Contents/Home/lib"/>
    <property name="sun.java.command" value="/Users/oleksiidzhus/edu-workspace/sample-project-with-labdas/target/surefire/surefirebooter4141481661241183071.jar /Users/oleksiidzhus/edu-workspace/sample-project-with-labdas/target/surefire 2021-07-21T15-59-00_150-jvmRun1 surefire13425818710025450804tmp surefire_017353575951612969517tmp"/>
    <property name="jdk.debug" value="release"/>
    <property name="surefire.test.class.path" value="/Users/oleksiidzhus/edu-workspace/sample-project-with-labdas/target/test-classes:/Users/oleksiidzhus/edu-workspace/sample-project-with-labdas/target/classes:/Users/oleksiidzhus/.m2/repository/com/amazonaws/aws-lambda-java-core/1.2.1/aws-lambda-java-core-1.2.1.jar:/Users/oleksiidzhus/.m2/repository/com/amazonaws/aws-lambda-java-events/3.7.0/aws-lambda-java-events-3.7.0.jar:/Users/oleksiidzhus/.m2/repository/joda-time/joda-time/2.6/joda-time-2.6.jar:/Users/oleksiidzhus/.m2/repository/com/googlecode/json-simple/json-simple/1.1.1/json-simple-1.1.1.jar:/Users/oleksiidzhus/.m2/repository/junit/junit/4.10/junit-4.10.jar:/Users/oleksiidzhus/.m2/repository/org/hamcrest/hamcrest-core/1.1/hamcrest-core-1.1.jar:/Users/oleksiidzhus/.m2/repository/org/apache/httpcomponents/httpclient/4.5.13/httpclient-4.5.13.jar:/Users/oleksiidzhus/.m2/repository/org/apache/httpcomponents/httpcore/4.4.13/httpcore-4.4.13.jar:/Users/oleksiidzhus/.m2/repository/commons-logging/commons-logging/1.2/commons-logging-1.2.jar:/Users/oleksiidzhus/.m2/repository/commons-codec/commons-codec/1.11/commons-codec-1.11.jar:/Users/oleksiidzhus/.m2/repository/com/amazonaws/aws-java-sdk-ses/1.12.1/aws-java-sdk-ses-1.12.1.jar:/Users/oleksiidzhus/.m2/repository/com/amazonaws/aws-java-sdk-core/1.12.1/aws-java-sdk-core-1.12.1.jar:/Users/oleksiidzhus/.m2/repository/software/amazon/ion/ion-java/1.0.2/ion-java-1.0.2.jar:/Users/oleksiidzhus/.m2/repository/com/fasterxml/jackson/core/jackson-databind/2.12.3/jackson-databind-2.12.3.jar:/Users/oleksiidzhus/.m2/repository/com/fasterxml/jackson/core/jackson-annotations/2.12.3/jackson-annotations-2.12.3.jar:/Users/oleksiidzhus/.m2/repository/com/fasterxml/jackson/core/jackson-core/2.12.3/jackson-core-2.12.3.jar:/Users/oleksiidzhus/.m2/repository/com/fasterxml/jackson/dataformat/jackson-dataformat-cbor/2.12.3/jackson-dataformat-cbor-2.12.3.jar:/Users/oleksiidzhus/.m2/repository/com/amazonaws/jmespath-java/1.12.1/jmespath-java-1.12.1.jar:/Users/oleksiidzhus/.m2/repository/com/amazonaws/aws-lambda-java-tests/1.0.0/aws-lambda-java-tests-1.0.0.jar:/Users/oleksiidzhus/.m2/repository/com/amazonaws/aws-lambda-java-serialization/1.0.0/aws-lambda-java-serialization-1.0.0.jar:/Users/oleksiidzhus/.m2/repository/org/junit/jupiter/junit-jupiter-api/5.7.2/junit-jupiter-api-5.7.2.jar:/Users/oleksiidzhus/.m2/repository/org/apiguardian/apiguardian-api/1.1.0/apiguardian-api-1.1.0.jar:/Users/oleksiidzhus/.m2/repository/org/opentest4j/opentest4j/1.2.0/opentest4j-1.2.0.jar:/Users/oleksiidzhus/.m2/repository/org/junit/platform/junit-platform-commons/1.7.2/junit-platform-commons-1.7.2.jar:/Users/oleksiidzhus/.m2/repository/org/junit/jupiter/junit-jupiter-engine/5.7.2/junit-jupiter-engine-5.7.2.jar:/Users/oleksiidzhus/.m2/repository/org/junit/platform/junit-platform-engine/1.7.2/junit-platform-engine-1.7.2.jar:/Users/oleksiidzhus/.m2/repository/org/junit/jupiter/junit-jupiter-params/5.7.2/junit-jupiter-params-5.7.2.jar:/Users/oleksiidzhus/.m2/repository/org/apache/commons/commons-lang3/3.11/commons-lang3-3.11.jar:/Users/oleksiidzhus/.m2/repository/com/google/dagger/dagger/2.38/dagger-2.38.jar:/Users/oleksiidzhus/.m2/repository/javax/inject/javax.inject/1/javax.inject-1.jar:/Users/oleksiidzhus/.m2/repository/org/junit/jupiter/junit-jupiter/5.7.2/junit-jupiter-5.7.2.jar:"/>
    <property name="sun.cpu.endian" value="little"/>
    <property name="user.home" value="/Users/oleksiidzhus"/>
    <property name="user.language" value="en"/>
    <property name="java.specification.vendor" value="Oracle Corporation"/>
    <property name="java.version.date" value="2021-04-20"/>
    <property name="java.home" value="/Users/oleksiidzhus/Library/Java/JavaVirtualMachines/corretto-11.0.11/Contents/Home"/>
    <property name="file.separator" value="/"/>
    <property name="basedir" value="/Users/oleksiidzhus/edu-workspace/sample-project-with-labdas"/>
    <property name="java.vm.compressedOopsMode" value="Zero based"/>
    <property name="line.separator" value="&#10;"/>
    <property name="java.specification.name" value="Java Platform API Specification"/>
    <property name="java.vm.specification.vendor" value="Oracle Corporation"/>
    <property name="java.awt.graphicsenv" value="sun.awt.CGraphicsEnvironment"/>
    <property name="surefire.real.class.path" value="/Users/oleksiidzhus/edu-workspace/sample-project-with-labdas/target/surefire/surefirebooter4141481661241183071.jar"/>
    <property name="sun.management.compiler" value="HotSpot 64-Bit Tiered Compilers"/>
    <property name="java.runtime.version" value="11.0.11+9-LTS"/>
    <property name="user.name" value="oleksiidzhus"/>
    <property name="path.separator" value=":"/>
    <property name="os.version" value="11.4"/>
    <property name="java.runtime.name" value="OpenJDK Runtime Environment"/>
    <property name="file.encoding" value="UTF-8"/>
    <property name="java.vm.name" value="OpenJDK 64-Bit Server VM"/>
    <property name="java.vendor.version" value="Corretto-11.0.11.9.1"/>
    <property name="localRepository" value="/Users/oleksiidzhus/.m2/repository"/>
    <property name="java.vendor.url.bug" value="https://github.com/corretto/corretto-11/issues/"/>
    <property name="java.io.tmpdir" value="/var/folders/nm/q36xyrxs0jdgp47zxhw5ymhr0000gp/T/"/>
    <property name="idea.version" value="2021.1.3"/>
    <property name="java.version" value="11.0.11"/>
    <property name="user.dir" value="/Users/oleksiidzhus/edu-workspace/sample-project-with-labdas"/>
    <property name="os.arch" value="x86_64"/>
    <property name="java.vm.specification.name" value="Java Virtual Machine Specification"/>
    <property name="java.awt.printerjob" value="sun.lwawt.macosx.CPrinterJob"/>
    <property name="sun.os.patch.level" value="unknown"/>
    <property name="java.library.path" value="/Users/oleksiidzhus/Library/Java/Extensions:/Library/Java/Extensions:/Network/Library/Java/Extensions:/System/Library/Java/Extensions:/usr/lib/java:."/>
    <property name="java.vm.info" value="mixed mode"/>
    <property name="java.vendor" value="Amazon.com Inc."/>
    <property name="java.vm.version" value="11.0.11+9-LTS"/>
    <property name="sun.io.unicode.encoding" value="UnicodeBig"/>
    <property name="java.class.version" value="55.0"/>
  </properties>
  <testcase name="test_handleRequest" classname="com.joske.event_driven.handlers.EventHandlerTest" time="0.014"/>
</testsuite>